<?xml version="1.0" encoding="UTF-8"?>
<testsuite xmlns:xsi="http://www.w3.org/2001/XMLSchema-instance" xsi:noNamespaceSchemaLocation="https://maven.apache.org/surefire/maven-surefire-plugin/xsd/surefire-test-report-3.0.xsd" version="3.0" name="testcases.LoginTest" time="27.618" tests="2" errors="0" skipped="0" failures="0">
  <properties>
    <property name="java.specification.version" value="17"/>
    <property name="sun.cpu.isalist" value="amd64"/>
    <property name="sun.jnu.encoding" value="Cp1252"/>
    <property name="java.class.path" value="C:\Users\aruns\eclipse-workspace\JenkinsmvnProject\target\test-classes;C:\Users\aruns\eclipse-workspace\JenkinsmvnProject\target\classes;C:\Users\aruns\.m2\repository\org\testng\testng\7.4.0\testng-7.4.0.jar;C:\Users\aruns\.m2\repository\com\beust\jcommander\1.78\jcommander-1.78.jar;C:\Users\aruns\.m2\repository\org\webjars\jquery\3.5.1\jquery-3.5.1.jar;C:\Users\aruns\.m2\repository\org\seleniumhq\selenium\selenium-java\3.141.59\selenium-java-3.141.59.jar;C:\Users\aruns\.m2\repository\org\seleniumhq\selenium\selenium-api\3.141.59\selenium-api-3.141.59.jar;C:\Users\aruns\.m2\repository\org\seleniumhq\selenium\selenium-chrome-driver\3.141.59\selenium-chrome-driver-3.141.59.jar;C:\Users\aruns\.m2\repository\org\seleniumhq\selenium\selenium-edge-driver\3.141.59\selenium-edge-driver-3.141.59.jar;C:\Users\aruns\.m2\repository\org\seleniumhq\selenium\selenium-firefox-driver\3.141.59\selenium-firefox-driver-3.141.59.jar;C:\Users\aruns\.m2\repository\org\seleniumhq\selenium\selenium-ie-driver\3.141.59\selenium-ie-driver-3.141.59.jar;C:\Users\aruns\.m2\repository\org\seleniumhq\selenium\selenium-opera-driver\3.141.59\selenium-opera-driver-3.141.59.jar;C:\Users\aruns\.m2\repository\org\seleniumhq\selenium\selenium-remote-driver\3.141.59\selenium-remote-driver-3.141.59.jar;C:\Users\aruns\.m2\repository\org\seleniumhq\selenium\selenium-safari-driver\3.141.59\selenium-safari-driver-3.141.59.jar;C:\Users\aruns\.m2\repository\org\seleniumhq\selenium\selenium-support\3.141.59\selenium-support-3.141.59.jar;C:\Users\aruns\.m2\repository\net\bytebuddy\byte-buddy\1.8.15\byte-buddy-1.8.15.jar;C:\Users\aruns\.m2\repository\org\apache\commons\commons-exec\1.3\commons-exec-1.3.jar;C:\Users\aruns\.m2\repository\com\google\guava\guava\25.0-jre\guava-25.0-jre.jar;C:\Users\aruns\.m2\repository\com\google\code\findbugs\jsr305\1.3.9\jsr305-1.3.9.jar;C:\Users\aruns\.m2\repository\org\checkerframework\checker-compat-qual\2.0.0\checker-compat-qual-2.0.0.jar;C:\Users\aruns\.m2\repository\com\google\errorprone\error_prone_annotations\2.1.3\error_prone_annotations-2.1.3.jar;C:\Users\aruns\.m2\repository\com\google\j2objc\j2objc-annotations\1.1\j2objc-annotations-1.1.jar;C:\Users\aruns\.m2\repository\org\codehaus\mojo\animal-sniffer-annotations\1.14\animal-sniffer-annotations-1.14.jar;C:\Users\aruns\.m2\repository\com\squareup\okhttp3\okhttp\3.11.0\okhttp-3.11.0.jar;C:\Users\aruns\.m2\repository\com\squareup\okio\okio\1.14.0\okio-1.14.0.jar;C:\Users\aruns\.m2\repository\io\qameta\allure\allure-testng\2.23.0\allure-testng-2.23.0.jar;C:\Users\aruns\.m2\repository\io\qameta\allure\allure-java-commons\2.23.0\allure-java-commons-2.23.0.jar;C:\Users\aruns\.m2\repository\io\qameta\allure\allure-model\2.23.0\allure-model-2.23.0.jar;C:\Users\aruns\.m2\repository\io\qameta\allure\allure-test-filter\2.23.0\allure-test-filter-2.23.0.jar;C:\Users\aruns\.m2\repository\io\github\bonigarcia\webdrivermanager\5.3.2\webdrivermanager-5.3.2.jar;C:\Users\aruns\.m2\repository\org\slf4j\slf4j-api\2.0.6\slf4j-api-2.0.6.jar;C:\Users\aruns\.m2\repository\com\google\code\gson\gson\2.10.1\gson-2.10.1.jar;C:\Users\aruns\.m2\repository\com\github\docker-java\docker-java\3.2.14\docker-java-3.2.14.jar;C:\Users\aruns\.m2\repository\com\github\docker-java\docker-java-core\3.2.14\docker-java-core-3.2.14.jar;C:\Users\aruns\.m2\repository\com\github\docker-java\docker-java-api\3.2.14\docker-java-api-3.2.14.jar;C:\Users\aruns\.m2\repository\com\fasterxml\jackson\core\jackson-annotations\2.10.3\jackson-annotations-2.10.3.jar;C:\Users\aruns\.m2\repository\commons-io\commons-io\2.6\commons-io-2.6.jar;C:\Users\aruns\.m2\repository\org\apache\commons\commons-compress\1.21\commons-compress-1.21.jar;C:\Users\aruns\.m2\repository\com\fasterxml\jackson\core\jackson-databind\2.10.3\jackson-databind-2.10.3.jar;C:\Users\aruns\.m2\repository\com\fasterxml\jackson\core\jackson-core\2.10.3\jackson-core-2.10.3.jar;C:\Users\aruns\.m2\repository\org\bouncycastle\bcpkix-jdk15on\1.64\bcpkix-jdk15on-1.64.jar;C:\Users\aruns\.m2\repository\org\bouncycastle\bcprov-jdk15on\1.64\bcprov-jdk15on-1.64.jar;C:\Users\aruns\.m2\repository\org\slf4j\jcl-over-slf4j\1.7.30\jcl-over-slf4j-1.7.30.jar;C:\Users\aruns\.m2\repository\com\github\docker-java\docker-java-transport-httpclient5\3.2.14\docker-java-transport-httpclient5-3.2.14.jar;C:\Users\aruns\.m2\repository\com\github\docker-java\docker-java-transport\3.2.14\docker-java-transport-3.2.14.jar;C:\Users\aruns\.m2\repository\net\java\dev\jna\jna\5.12.1\jna-5.12.1.jar;C:\Users\aruns\.m2\repository\org\brotli\dec\0.1.2\dec-0.1.2.jar;C:\Users\aruns\.m2\repository\org\apache\commons\commons-lang3\3.12.0\commons-lang3-3.12.0.jar;C:\Users\aruns\.m2\repository\org\apache\httpcomponents\client5\httpclient5\5.2.1\httpclient5-5.2.1.jar;C:\Users\aruns\.m2\repository\org\apache\httpcomponents\core5\httpcore5\5.2\httpcore5-5.2.jar;C:\Users\aruns\.m2\repository\org\apache\httpcomponents\core5\httpcore5-h2\5.2\httpcore5-h2-5.2.jar;C:\Users\aruns\.m2\repository\junit\junit\3.8.1\junit-3.8.1.jar;"/>
    <property name="java.vm.vendor" value="Eclipse Adoptium"/>
    <property name="sun.arch.data.model" value="64"/>
    <property name="user.variant" value=""/>
    <property name="java.vendor.url" value="https://adoptium.net/"/>
    <property name="user.timezone" value="America/Chicago"/>
    <property name="os.name" value="Windows 11"/>
    <property name="java.vm.specification.version" value="17"/>
    <property name="sun.java.launcher" value="SUN_STANDARD"/>
    <property name="user.country" value="US"/>
    <property name="sun.boot.library.path" value="C:\Users\aruns\.p2\pool\plugins\org.eclipse.justj.openjdk.hotspot.jre.full.win32.x86_64_17.0.8.v20230801-1951\jre\bin"/>
    <property name="sun.java.command" value="C:\Users\aruns\AppData\Local\Temp\surefire4705398802281745942\surefirebooter-20240519110133745_3.jar C:\Users\aruns\AppData\Local\Temp\surefire4705398802281745942 2024-05-19T11-01-33_476-jvmRun1 surefire-20240519110133745_1tmp surefire_0-20240519110133745_2tmp"/>
    <property name="jdk.debug" value="release"/>
    <property name="surefire.test.class.path" value="C:\Users\aruns\eclipse-workspace\JenkinsmvnProject\target\test-classes;C:\Users\aruns\eclipse-workspace\JenkinsmvnProject\target\classes;C:\Users\aruns\.m2\repository\org\testng\testng\7.4.0\testng-7.4.0.jar;C:\Users\aruns\.m2\repository\com\beust\jcommander\1.78\jcommander-1.78.jar;C:\Users\aruns\.m2\repository\org\webjars\jquery\3.5.1\jquery-3.5.1.jar;C:\Users\aruns\.m2\repository\org\seleniumhq\selenium\selenium-java\3.141.59\selenium-java-3.141.59.jar;C:\Users\aruns\.m2\repository\org\seleniumhq\selenium\selenium-api\3.141.59\selenium-api-3.141.59.jar;C:\Users\aruns\.m2\repository\org\seleniumhq\selenium\selenium-chrome-driver\3.141.59\selenium-chrome-driver-3.141.59.jar;C:\Users\aruns\.m2\repository\org\seleniumhq\selenium\selenium-edge-driver\3.141.59\selenium-edge-driver-3.141.59.jar;C:\Users\aruns\.m2\repository\org\seleniumhq\selenium\selenium-firefox-driver\3.141.59\selenium-firefox-driver-3.141.59.jar;C:\Users\aruns\.m2\repository\org\seleniumhq\selenium\selenium-ie-driver\3.141.59\selenium-ie-driver-3.141.59.jar;C:\Users\aruns\.m2\repository\org\seleniumhq\selenium\selenium-opera-driver\3.141.59\selenium-opera-driver-3.141.59.jar;C:\Users\aruns\.m2\repository\org\seleniumhq\selenium\selenium-remote-driver\3.141.59\selenium-remote-driver-3.141.59.jar;C:\Users\aruns\.m2\repository\org\seleniumhq\selenium\selenium-safari-driver\3.141.59\selenium-safari-driver-3.141.59.jar;C:\Users\aruns\.m2\repository\org\seleniumhq\selenium\selenium-support\3.141.59\selenium-support-3.141.59.jar;C:\Users\aruns\.m2\repository\net\bytebuddy\byte-buddy\1.8.15\byte-buddy-1.8.15.jar;C:\Users\aruns\.m2\repository\org\apache\commons\commons-exec\1.3\commons-exec-1.3.jar;C:\Users\aruns\.m2\repository\com\google\guava\guava\25.0-jre\guava-25.0-jre.jar;C:\Users\aruns\.m2\repository\com\google\code\findbugs\jsr305\1.3.9\jsr305-1.3.9.jar;C:\Users\aruns\.m2\repository\org\checkerframework\checker-compat-qual\2.0.0\checker-compat-qual-2.0.0.jar;C:\Users\aruns\.m2\repository\com\google\errorprone\error_prone_annotations\2.1.3\error_prone_annotations-2.1.3.jar;C:\Users\aruns\.m2\repository\com\google\j2objc\j2objc-annotations\1.1\j2objc-annotations-1.1.jar;C:\Users\aruns\.m2\repository\org\codehaus\mojo\animal-sniffer-annotations\1.14\animal-sniffer-annotations-1.14.jar;C:\Users\aruns\.m2\repository\com\squareup\okhttp3\okhttp\3.11.0\okhttp-3.11.0.jar;C:\Users\aruns\.m2\repository\com\squareup\okio\okio\1.14.0\okio-1.14.0.jar;C:\Users\aruns\.m2\repository\io\qameta\allure\allure-testng\2.23.0\allure-testng-2.23.0.jar;C:\Users\aruns\.m2\repository\io\qameta\allure\allure-java-commons\2.23.0\allure-java-commons-2.23.0.jar;C:\Users\aruns\.m2\repository\io\qameta\allure\allure-model\2.23.0\allure-model-2.23.0.jar;C:\Users\aruns\.m2\repository\io\qameta\allure\allure-test-filter\2.23.0\allure-test-filter-2.23.0.jar;C:\Users\aruns\.m2\repository\io\github\bonigarcia\webdrivermanager\5.3.2\webdrivermanager-5.3.2.jar;C:\Users\aruns\.m2\repository\org\slf4j\slf4j-api\2.0.6\slf4j-api-2.0.6.jar;C:\Users\aruns\.m2\repository\com\google\code\gson\gson\2.10.1\gson-2.10.1.jar;C:\Users\aruns\.m2\repository\com\github\docker-java\docker-java\3.2.14\docker-java-3.2.14.jar;C:\Users\aruns\.m2\repository\com\github\docker-java\docker-java-core\3.2.14\docker-java-core-3.2.14.jar;C:\Users\aruns\.m2\repository\com\github\docker-java\docker-java-api\3.2.14\docker-java-api-3.2.14.jar;C:\Users\aruns\.m2\repository\com\fasterxml\jackson\core\jackson-annotations\2.10.3\jackson-annotations-2.10.3.jar;C:\Users\aruns\.m2\repository\commons-io\commons-io\2.6\commons-io-2.6.jar;C:\Users\aruns\.m2\repository\org\apache\commons\commons-compress\1.21\commons-compress-1.21.jar;C:\Users\aruns\.m2\repository\com\fasterxml\jackson\core\jackson-databind\2.10.3\jackson-databind-2.10.3.jar;C:\Users\aruns\.m2\repository\com\fasterxml\jackson\core\jackson-core\2.10.3\jackson-core-2.10.3.jar;C:\Users\aruns\.m2\repository\org\bouncycastle\bcpkix-jdk15on\1.64\bcpkix-jdk15on-1.64.jar;C:\Users\aruns\.m2\repository\org\bouncycastle\bcprov-jdk15on\1.64\bcprov-jdk15on-1.64.jar;C:\Users\aruns\.m2\repository\org\slf4j\jcl-over-slf4j\1.7.30\jcl-over-slf4j-1.7.30.jar;C:\Users\aruns\.m2\repository\com\github\docker-java\docker-java-transport-httpclient5\3.2.14\docker-java-transport-httpclient5-3.2.14.jar;C:\Users\aruns\.m2\repository\com\github\docker-java\docker-java-transport\3.2.14\docker-java-transport-3.2.14.jar;C:\Users\aruns\.m2\repository\net\java\dev\jna\jna\5.12.1\jna-5.12.1.jar;C:\Users\aruns\.m2\repository\org\brotli\dec\0.1.2\dec-0.1.2.jar;C:\Users\aruns\.m2\repository\org\apache\commons\commons-lang3\3.12.0\commons-lang3-3.12.0.jar;C:\Users\aruns\.m2\repository\org\apache\httpcomponents\client5\httpclient5\5.2.1\httpclient5-5.2.1.jar;C:\Users\aruns\.m2\repository\org\apache\httpcomponents\core5\httpcore5\5.2\httpcore5-5.2.jar;C:\Users\aruns\.m2\repository\org\apache\httpcomponents\core5\httpcore5-h2\5.2\httpcore5-h2-5.2.jar;C:\Users\aruns\.m2\repository\junit\junit\3.8.1\junit-3.8.1.jar;"/>
    <property name="sun.cpu.endian" value="little"/>
    <property name="user.home" value="C:\Users\aruns"/>
    <property name="user.language" value="en"/>
    <property name="java.specification.vendor" value="Oracle Corporation"/>
    <property name="java.version.date" value="2023-07-18"/>
    <property name="java.home" value="C:\Users\aruns\.p2\pool\plugins\org.eclipse.justj.openjdk.hotspot.jre.full.win32.x86_64_17.0.8.v20230801-1951\jre"/>
    <property name="file.separator" value="\"/>
    <property name="style.color" value="always"/>
    <property name="basedir" value="C:\Users\aruns\eclipse-workspace\JenkinsmvnProject"/>
    <property name="java.vm.compressedOopsMode" value="Zero based"/>
    <property name="line.separator" value="&#10;"/>
    <property name="java.vm.specification.vendor" value="Oracle Corporation"/>
    <property name="java.specification.name" value="Java Platform API Specification"/>
    <property name="surefire.real.class.path" value="C:\Users\aruns\AppData\Local\Temp\surefire4705398802281745942\surefirebooter-20240519110133745_3.jar"/>
    <property name="user.script" value=""/>
    <property name="sun.management.compiler" value="HotSpot 64-Bit Tiered Compilers"/>
    <property name="java.runtime.version" value="17.0.8+7"/>
    <property name="user.name" value="aruns"/>
    <property name="path.separator" value=";"/>
    <property name="os.version" value="10.0"/>
    <property name="java.runtime.name" value="OpenJDK Runtime Environment"/>
    <property name="file.encoding" value="Cp1252"/>
    <property name="java.vm.name" value="OpenJDK 64-Bit Server VM"/>
    <property name="java.vendor.version" value="Temurin-17.0.8+7"/>
    <property name="localRepository" value="C:\Users\aruns\.m2\repository"/>
    <property name="java.vendor.url.bug" value="https://github.com/adoptium/adoptium-support/issues"/>
    <property name="java.io.tmpdir" value="C:\Users\aruns\AppData\Local\Temp\"/>
    <property name="java.version" value="17.0.8"/>
    <property name="user.dir" value="C:\Users\aruns\eclipse-workspace\JenkinsmvnProject"/>
    <property name="os.arch" value="amd64"/>
    <property name="webdriver.gecko.driver" value="geckodriver.exe"/>
    <property name="java.vm.specification.name" value="Java Virtual Machine Specification"/>
    <property name="sun.os.patch.level" value=""/>
    <property name="native.encoding" value="Cp1252"/>
    <property name="java.library.path" value="C:\Users\aruns\.p2\pool\plugins\org.eclipse.justj.openjdk.hotspot.jre.full.win32.x86_64_17.0.8.v20230801-1951\jre\bin;C:\WINDOWS\Sun\Java\bin;C:\WINDOWS\system32;C:\WINDOWS;C:/Users/aruns/.p2/pool/plugins/org.eclipse.justj.openjdk.hotspot.jre.full.win32.x86_64_17.0.10.v20240120-1143/jre/bin/server;C:/Users/aruns/.p2/pool/plugins/org.eclipse.justj.openjdk.hotspot.jre.full.win32.x86_64_17.0.10.v20240120-1143/jre/bin;C:\Program Files\Common Files\Oracle\Java\javapath;C:\WINDOWS\system32;C:\WINDOWS;C:\WINDOWS\System32\Wbem;C:\WINDOWS\System32\WindowsPowerShell\v1.0\;C:\WINDOWS\System32\OpenSSH\;C:\Program Files\Intel\WiFi\bin\;C:\Program Files\Common Files\Intel\WirelessCommon\;C:\Program Files (x86)\Intel\Intel(R) Management Engine Components\DAL;C:\Program Files\Intel\Intel(R) Management Engine Components\DAL;C:\Program Files\dotnet\;C:\Program Files\Git\cmd;C:\Users\aruns\AppData\Roaming\nvm;C:\Program Files\nodejs;C:\Maven_Appication\apache-maven-3.9.6-bin\apache-maven-3.9.6\bin;C:\Program Files\MySQL\MySQL Server 8.0;C:\Apache24\bin;C:\Program Files\MySQL\MySQL Shell 8.0\bin\;C:\Users\aruns\scoop\shims;C:\Users\aruns\AppData\Local\Microsoft\WindowsApps;C:\Users\aruns\AppData\Local\Programs\Microsoft VS Code\bin;C:\Users\aruns\AppData\Roaming\npm;C:\Users\aruns\AppData\Roaming\nvm;C:\Program Files\nodejs;;C:\Users\aruns\Desktop;;."/>
    <property name="java.vm.info" value="mixed mode"/>
    <property name="java.vendor" value="Eclipse Adoptium"/>
    <property name="java.vm.version" value="17.0.8+7"/>
    <property name="sun.io.unicode.encoding" value="UnicodeLittle"/>
    <property name="java.class.version" value="61.0"/>
  </properties>
  <testcase name="LogiFailureTest" classname="testcases.LoginTest" time="7.703">
    <system-out><![CDATA[The email or password you have entered is invalid.
]]></system-out>
    <system-err><![CDATA[SLF4J: No SLF4J providers were found.
SLF4J: Defaulting to no-operation (NOP) logger implementation
SLF4J: See https://www.slf4j.org/codes.html#noProviders for further details.
1716134495500	geckodriver	INFO	Listening on 127.0.0.1:6207
1716134495764	mozrunner::runner	INFO	Running command: "C:\\Program Files\\Mozilla Firefox\\firefox.exe" "--marionette" "-no-remote" "-profile" "C:\\Users\\aruns\\AppData\\Local\\Temp\\rust_mozprofilekp1B3I"
console.warn: services.settings: Ignoring preference override of remote settings server
console.warn: services.settings: Allow by setting MOZ_REMOTE_SETTINGS_DEVTOOLS=1 in the environment
1716134496297	Marionette	INFO	Marionette enabled
Dynamically enable window occlusion 0
1716134496887	Marionette	INFO	Listening on port 54274
Read port: 54274
1716134497154	RemoteAgent	WARN	TLS certificate errors will be ignored for this session
May 19, 2024 11:01:39 AM org.openqa.selenium.remote.ProtocolHandshake createSession
INFO: Detected dialect: W3C
1716134501933	Marionette	WARN	Ignoring event 'DOMContentLoaded' because document has an invalid readyState of 'complete'.
JavaScript warning: https://accounts.simplilearn.com/user/login?redirect_url=https%3A%2F%2Flms.simplilearn.com%2F, line 843: unreachable code after return statement
1716134503592	Marionette	WARN	Ignoring event 'pageshow' because document has an invalid readyState of 'interactive'.
JavaScript error: https://cfaccounts.simplilearn.com/core/js/utility.1715843369.js, line 71: SyntaxError: JSON.parse: unexpected character at line 1 column 1 of the JSON data
console.warn: LoginRecipes: "Falling back to a synchronous message for: https://accounts.simplilearn.com."
JavaScript warning: https://accounts.simplilearn.com/user/login?redirect_url=https%3A%2F%2Flms.simplilearn.com%2F, line 843: unreachable code after return statement
JavaScript warning: https://service.force.com/embeddedservice/5.0/frame/chasitor.esw.min.js, line 5: Script terminated by timeout at:
e/<@https://service.force.com/embeddedservice/5.0/frame/chasitor.esw.min.js:5:68

1716134508013	Marionette	WARN	Ignoring event 'pageshow' because document has an invalid readyState of 'interactive'.
JavaScript error: https://cfaccounts.simplilearn.com/core/js/utility.1715843369.js, line 71: SyntaxError: JSON.parse: unexpected character at line 1 column 1 of the JSON data
]]></system-err>
  </testcase>
  <testcase name="LoginSuccessTest" classname="testcases.LoginTest" time="5.34">
    <system-err><![CDATA[1716134508517	Marionette	INFO	Stopped listening on port 54274
JavaScript warning: https://service.force.com/embeddedservice/5.0/utils/inert.min.js, line 4: Script terminated by timeout at:
m<@https://service.force.com/embeddedservice/5.0/utils/inert.min.js:4:45
@https://service.force.com/embeddedservice/5.0/utils/inert.min.js:4:46
@https://service.force.com/embeddedservice/5.0/utils/inert.min.js:1:132
@https://service.force.com/embeddedservice/5.0/utils/inert.min.js:1:137

JavaScript warning: https://www.gstatic.com/_/mss/boq-identity/_/js/k=boq-identity.IdpIFrameHttp.en_US.ikT7Usy1AwQ.es5.O/am=BgM/d=1/rs=AOaEmlH9AHGvFGNXbCsRj13e5Zgi27YYpg/m=base, line 101: Script terminated by timeout at:
ce@https://www.gstatic.com/_/mss/boq-identity/_/js/k=boq-identity.IdpIFrameHttp.en_US.ikT7Usy1AwQ.es5.O/am=BgM/d=1/rs=AOaEmlH9AHGvFGNXbCsRj13e5Zgi27YYpg/m=base:101:463
Tf.prototype.R@https://www.gstatic.com/_/mss/boq-identity/_/js/k=boq-identity.IdpIFrameHttp.en_US.ikT7Usy1AwQ.es5.O/am=BgM/d=1/rs=AOaEmlH9AHGvFGNXbCsRj13e5Zgi27YYpg/m=base:125:283

Dynamically enable window occlusion 1
1716134509908	geckodriver	INFO	Listening on 127.0.0.1:5689
1716134509933	mozrunner::runner	INFO	Running command: "C:\\Program Files\\Mozilla Firefox\\firefox.exe" "--marionette" "-no-remote" "-profile" "C:\\Users\\aruns\\AppData\\Local\\Temp\\rust_mozprofilesNd46w"
console.warn: services.settings: Ignoring preference override of remote settings server
console.warn: services.settings: Allow by setting MOZ_REMOTE_SETTINGS_DEVTOOLS=1 in the environment
1716134510407	Marionette	INFO	Marionette enabled
Dynamically enable window occlusion 0
1716134511005	Marionette	INFO	Listening on port 54452
Read port: 54452
1716134511343	RemoteAgent	WARN	TLS certificate errors will be ignored for this session
May 19, 2024 11:01:53 AM org.openqa.selenium.remote.ProtocolHandshake createSession
INFO: Detected dialect: W3C
1716134515509	Marionette	WARN	Ignoring event 'DOMContentLoaded' because document has an invalid readyState of 'complete'.
JavaScript warning: https://accounts.simplilearn.com/user/login?redirect_url=https%3A%2F%2Flms.simplilearn.com%2F, line 843: unreachable code after return statement
1716134517117	Marionette	WARN	Ignoring event 'pageshow' because document has an invalid readyState of 'interactive'.
JavaScript error: https://cfaccounts.simplilearn.com/core/js/utility.1715843369.js, line 71: SyntaxError: JSON.parse: unexpected character at line 1 column 1 of the JSON data
console.warn: LoginRecipes: "Falling back to a synchronous message for: https://accounts.simplilearn.com."
JavaScript warning: https://accounts.simplilearn.com/user/login?redirect_url=https%3A%2F%2Flms.simplilearn.com%2F, line 843: unreachable code after return statement
1716134519838	Marionette	WARN	Ignoring event 'pageshow' because document has an invalid readyState of 'interactive'.
]]></system-err>
  </testcase>
</testsuite>