<?xml version="1.0" encoding="UTF-8"?>
<!-- Generated by org.testng.reporters.JUnitReportReporter -->
<testsuite hostname="DESKTOP-HOQQ6B4" failures="0" tests="2" name="testcases.LoginTest" time="26.549" errors="0" timestamp="2024-05-19T11:02:01 CDT" skipped="0">
  <testcase classname="testcases.LoginTest" name="LoginSuccessTest" time="11.974"/>
  <system-out/>
  <testcase classname="testcases.LoginTest" name="LogiFailureTest" time="14.575"/>
  <system-out/>
</testsuite> <!-- testcases.LoginTest -->
